2023-06-10 12:57:23,068 Starting new HTTPS connection (1): www.mangooutlet.com:443
2023-06-10 12:57:23,221 https://www.mangooutlet.com:443 "GET /services/menus/header/US?saleSeasons=8&selectedMenu=outlet.prendas_she&cacheId=v9_2_0.ts1260.400.US.0.true.false.v4.11539780670266& HTTP/1.1" 200 14904
2023-06-10 12:57:23,236 Get list category sucessful -------------------------
2023-06-10 12:57:23,240 Starting new HTTPS connection (1): www.mangooutlet.com:443
2023-06-10 12:57:23,972 https://www.mangooutlet.com:443 "GET /services/productlist/products/US/outletH/sections_he_Extra70.accesorios_he/?pageNum=1&rowsPerPage=20&columnsPerRow=4&family=140&idSubSection=zapatos_he HTTP/1.1" 200 27971
2023-06-10 12:57:24,005 Starting new HTTPS connection (1): www.mangooutlet.com:443
2023-06-10 12:57:24,338 https://www.mangooutlet.com:443 "GET /services/productlist/products/US/outletH/sections_he_Extra70.accesorios_he/?pageNum=2&rowsPerPage=20&columnsPerRow=4&family=140&idSubSection=zapatos_he HTTP/1.1" 200 7205
2023-06-10 12:57:24,367 Starting new HTTPS connection (1): www.mangooutlet.com:443
2023-06-10 12:57:24,654 https://www.mangooutlet.com:443 "GET /services/productlist/products/US/outletH/sections_he_Extra70.accesorios_he/?pageNum=3&rowsPerPage=20&columnsPerRow=4&family=140&idSubSection=zapatos_he HTTP/1.1" 200 1383
2023-06-10 12:57:29,675 Starting new HTTPS connection (1): www.mangooutlet.com:443
2023-06-10 12:57:30,190 https://www.mangooutlet.com:443 "GET /services/productlist/products/US/outletH/sections_he_Extra70.accesorios_he/?pageNum=1&rowsPerPage=20&columnsPerRow=4&family=135&idSubSection=bolsas_he HTTP/1.1" 200 13336
2023-06-10 12:57:30,212 Starting new HTTPS connection (1): www.mangooutlet.com:443
2023-06-10 12:57:30,510 https://www.mangooutlet.com:443 "GET /services/productlist/products/US/outletH/sections_he_Extra70.accesorios_he/?pageNum=2&rowsPerPage=20&columnsPerRow=4&family=135&idSubSection=bolsas_he HTTP/1.1" 200 1394
2023-06-10 12:57:30,525 Starting new HTTPS connection (1): www.mangooutlet.com:443
2023-06-10 12:57:30,882 https://www.mangooutlet.com:443 "GET /services/productlist/products/US/outletH/sections_he_Extra70.accesorios_he/?pageNum=3&rowsPerPage=20&columnsPerRow=4&family=135&idSubSection=bolsas_he HTTP/1.1" 200 1394
2023-06-10 12:57:35,891 Starting new HTTPS connection (1): www.mangooutlet.com:443
2023-06-10 12:57:36,333 https://www.mangooutlet.com:443 "GET /services/productlist/products/US/outletH/sections_he_Extra70.accesorios_he/?pageNum=1&rowsPerPage=20&columnsPerRow=4&family=145&idSubSection=cinturones_he HTTP/1.1" 200 4670
2023-06-10 12:57:36,349 Starting new HTTPS connection (1): www.mangooutlet.com:443
2023-06-10 12:57:36,666 https://www.mangooutlet.com:443 "GET /services/productlist/products/US/outletH/sections_he_Extra70.accesorios_he/?pageNum=2&rowsPerPage=20&columnsPerRow=4&family=145&idSubSection=cinturones_he HTTP/1.1" 200 1294
2023-06-10 12:57:36,666 Starting new HTTPS connection (1): www.mangooutlet.com:443
2023-06-10 12:57:36,990 https://www.mangooutlet.com:443 "GET /services/productlist/products/US/outletH/sections_he_Extra70.accesorios_he/?pageNum=3&rowsPerPage=20&columnsPerRow=4&family=145&idSubSection=cinturones_he HTTP/1.1" 200 1294
2023-06-10 12:57:42,004 Starting new HTTPS connection (1): www.mangooutlet.com:443
2023-06-10 12:57:42,419 https://www.mangooutlet.com:443 "GET /services/productlist/products/US/outletH/sections_he_Extra70.accesorios_he/?pageNum=1&rowsPerPage=20&columnsPerRow=4&family=141&idSubSection=bufandas_he HTTP/1.1" 200 9741
2023-06-10 12:57:42,439 Starting new HTTPS connection (1): www.mangooutlet.com:443
2023-06-10 12:57:42,752 https://www.mangooutlet.com:443 "GET /services/productlist/products/US/outletH/sections_he_Extra70.accesorios_he/?pageNum=2&rowsPerPage=20&columnsPerRow=4&family=141&idSubSection=bufandas_he HTTP/1.1" 200 1341
2023-06-10 12:57:42,756 Starting new HTTPS connection (1): www.mangooutlet.com:443
2023-06-10 12:57:43,094 https://www.mangooutlet.com:443 "GET /services/productlist/products/US/outletH/sections_he_Extra70.accesorios_he/?pageNum=3&rowsPerPage=20&columnsPerRow=4&family=141&idSubSection=bufandas_he HTTP/1.1" 200 1342
2023-06-10 12:57:48,104 Starting new HTTPS connection (1): www.mangooutlet.com:443
2023-06-10 12:57:48,425 https://www.mangooutlet.com:443 "GET /services/productlist/products/US/outletH/sections_he_Extra70.accesorios_he/?pageNum=1&rowsPerPage=20&columnsPerRow=4&family=143&idSubSection=gorros_he HTTP/1.1" 200 3142
2023-06-10 12:57:48,429 Starting new HTTPS connection (1): www.mangooutlet.com:443
2023-06-10 12:57:48,726 https://www.mangooutlet.com:443 "GET /services/productlist/products/US/outletH/sections_he_Extra70.accesorios_he/?pageNum=2&rowsPerPage=20&columnsPerRow=4&family=143&idSubSection=gorros_he HTTP/1.1" 200 1404
2023-06-10 12:57:48,729 Starting new HTTPS connection (1): www.mangooutlet.com:443
2023-06-10 12:57:49,290 https://www.mangooutlet.com:443 "GET /services/productlist/products/US/outletH/sections_he_Extra70.accesorios_he/?pageNum=3&rowsPerPage=20&columnsPerRow=4&family=143&idSubSection=gorros_he HTTP/1.1" 200 1404
2023-06-10 12:57:54,302 Starting new HTTPS connection (1): www.mangooutlet.com:443
2023-06-10 12:57:54,682 https://www.mangooutlet.com:443 "GET /services/productlist/products/US/outletH/sections_he_Extra70.accesorios_he/?pageNum=1&rowsPerPage=20&columnsPerRow=4&family=616&idSubSection=carteras_he HTTP/1.1" 200 6495
2023-06-10 12:57:54,701 Starting new HTTPS connection (1): www.mangooutlet.com:443
2023-06-10 12:57:55,001 https://www.mangooutlet.com:443 "GET /services/productlist/products/US/outletH/sections_he_Extra70.accesorios_he/?pageNum=2&rowsPerPage=20&columnsPerRow=4&family=616&idSubSection=carteras_he HTTP/1.1" 200 1284
2023-06-10 12:57:55,013 Starting new HTTPS connection (1): www.mangooutlet.com:443
2023-06-10 12:57:55,313 https://www.mangooutlet.com:443 "GET /services/productlist/products/US/outletH/sections_he_Extra70.accesorios_he/?pageNum=3&rowsPerPage=20&columnsPerRow=4&family=616&idSubSection=carteras_he HTTP/1.1" 200 1284
2023-06-10 12:58:00,324 Starting new HTTPS connection (1): www.mangooutlet.com:443
2023-06-10 12:58:00,738 https://www.mangooutlet.com:443 "GET /services/productlist/products/US/outletH/sections_he_Extra70.accesorios_he/?pageNum=1&rowsPerPage=20&columnsPerRow=4&family=138&idSubSection=corbatas_he HTTP/1.1" 200 9277
2023-06-10 12:58:00,762 Starting new HTTPS connection (1): www.mangooutlet.com:443
2023-06-10 12:58:01,079 https://www.mangooutlet.com:443 "GET /services/productlist/products/US/outletH/sections_he_Extra70.accesorios_he/?pageNum=2&rowsPerPage=20&columnsPerRow=4&family=138&idSubSection=corbatas_he HTTP/1.1" 200 1330
2023-06-10 12:58:01,092 Starting new HTTPS connection (1): www.mangooutlet.com:443
2023-06-10 12:58:01,390 https://www.mangooutlet.com:443 "GET /services/productlist/products/US/outletH/sections_he_Extra70.accesorios_he/?pageNum=3&rowsPerPage=20&columnsPerRow=4&family=138&idSubSection=corbatas_he HTTP/1.1" 200 1330
2023-06-10 12:58:06,397 Starting new HTTPS connection (1): www.mangooutlet.com:443
2023-06-10 12:58:06,784 https://www.mangooutlet.com:443 "GET /services/productlist/products/US/outletH/sections_he_Extra70.accesorios_he/?pageNum=1&rowsPerPage=20&columnsPerRow=4&family=139&idSubSection=gafas_he HTTP/1.1" 200 6231
2023-06-10 12:58:06,791 Starting new HTTPS connection (1): www.mangooutlet.com:443
2023-06-10 12:58:07,091 https://www.mangooutlet.com:443 "GET /services/productlist/products/US/outletH/sections_he_Extra70.accesorios_he/?pageNum=2&rowsPerPage=20&columnsPerRow=4&family=139&idSubSection=gafas_he HTTP/1.1" 200 1298
2023-06-10 12:58:07,100 Starting new HTTPS connection (1): www.mangooutlet.com:443
2023-06-10 12:58:07,381 https://www.mangooutlet.com:443 "GET /services/productlist/products/US/outletH/sections_he_Extra70.accesorios_he/?pageNum=3&rowsPerPage=20&columnsPerRow=4&family=139&idSubSection=gafas_he HTTP/1.1" 200 1298
2023-06-10 12:58:12,388 Starting new HTTPS connection (1): www.mangooutlet.com:443
2023-06-10 12:58:12,774 https://www.mangooutlet.com:443 "GET /services/productlist/products/US/outletH/sections_he_Extra70.accesorios_he/?pageNum=1&rowsPerPage=20&columnsPerRow=4&family=800,802,155,144,146&idSubSection=otros_accesorios_he HTTP/1.1" 200 6209
2023-06-10 12:58:12,783 Starting new HTTPS connection (1): www.mangooutlet.com:443
2023-06-10 12:58:13,170 https://www.mangooutlet.com:443 "GET /services/productlist/products/US/outletH/sections_he_Extra70.accesorios_he/?pageNum=2&rowsPerPage=20&columnsPerRow=4&family=800,802,155,144,146&idSubSection=otros_accesorios_he HTTP/1.1" 200 1413
2023-06-10 12:58:13,177 Starting new HTTPS connection (1): www.mangooutlet.com:443
2023-06-10 12:58:13,466 https://www.mangooutlet.com:443 "GET /services/productlist/products/US/outletH/sections_he_Extra70.accesorios_he/?pageNum=3&rowsPerPage=20&columnsPerRow=4&family=800,802,155,144,146&idSubSection=otros_accesorios_he HTTP/1.1" 200 1413
2023-06-10 12:58:18,476 Get list 248 image for her accesorio sucessful -------------------------
2023-06-10 12:58:18,476 Starting new HTTPS connection (1): st.mngbcn.com:443
2023-06-10 12:58:19,639 https://st.mngbcn.com:443 "GET /rcs/pics/static/T2/fotos/S20/27087768_09.jpg?ts=1648482623798 HTTP/1.1" 200 104679
2023-06-10 12:58:20,011 Starting new HTTPS connection (1): st.mngbcn.com:443
2023-06-10 12:58:21,376 https://st.mngbcn.com:443 "GET /rcs/pics/static/T2/fotos/S20/27061138_99.jpg?ts=1637057446718 HTTP/1.1" 200 95915
2023-06-10 12:58:22,002 Starting new HTTPS connection (1): st.mngbcn.com:443
2023-06-10 12:58:24,272 https://st.mngbcn.com:443 "GET /rcs/pics/static/T2/fotos/S20/27017732_32.jpg?ts=1643717175749 HTTP/1.1" 200 79101
2023-06-10 12:58:24,820 Starting new HTTPS connection (1): st.mngbcn.com:443
2023-06-10 12:58:24,928 https://st.mngbcn.com:443 "GET /rcs/pics/static/T2/fotos/S20/27031119_37.jpg?ts=1639413999575 HTTP/1.1" 200 182412
2023-06-10 12:58:24,955 Starting new HTTPS connection (1): st.mngbcn.com:443
2023-06-10 12:58:25,749 https://st.mngbcn.com:443 "GET /rcs/pics/static/T2/fotos/S20/27017733_99.jpg?ts=1643717175749 HTTP/1.1" 200 56821
2023-06-10 12:58:26,017 Starting new HTTPS connection (1): st.mngbcn.com:443
2023-06-10 12:58:26,093 https://st.mngbcn.com:443 "GET /rcs/pics/static/T2/fotos/S20/27032526_37.jpg?ts=1639742760898 HTTP/1.1" 200 203526
2023-06-10 12:58:26,121 Starting new HTTPS connection (1): st.mngbcn.com:443
2023-06-10 12:58:27,222 https://st.mngbcn.com:443 "GET /rcs/pics/static/T2/fotos/S20/27055910_99.jpg?ts=1643285190671 HTTP/1.1" 200 60184
2023-06-10 12:58:27,756 Starting new HTTPS connection (1): st.mngbcn.com:443
2023-06-10 12:58:28,734 https://st.mngbcn.com:443 "GET /rcs/pics/static/T2/fotos/S20/27027728_07.jpg?ts=1642769487391 HTTP/1.1" 200 154978
2023-06-10 12:58:29,314 Starting new HTTPS connection (1): st.mngbcn.com:443
2023-06-10 12:58:30,219 https://st.mngbcn.com:443 "GET /rcs/pics/static/T2/fotos/S20/27067726_CU.jpg?ts=1643980302576 HTTP/1.1" 200 82594
2023-06-10 12:58:30,546 Starting new HTTPS connection (1): st.mngbcn.com:443
2023-06-10 12:58:31,590 https://st.mngbcn.com:443 "GET /rcs/pics/static/T2/fotos/S20/27042526_07.jpg?ts=1639500340001 HTTP/1.1" 200 129177
2023-06-10 12:58:32,052 Starting new HTTPS connection (1): st.mngbcn.com:443
2023-06-10 12:58:32,969 https://st.mngbcn.com:443 "GET /rcs/pics/static/T2/fotos/S20/27051100_99.jpg?ts=1638288357528 HTTP/1.1" 200 110988
2023-06-10 12:58:33,412 Starting new HTTPS connection (1): st.mngbcn.com:443
2023-06-10 12:58:34,362 https://st.mngbcn.com:443 "GET /rcs/pics/static/T2/fotos/S20/27031139_CU.jpg?ts=1637057446718 HTTP/1.1" 200 101395
2023-06-10 12:58:34,711 Starting new HTTPS connection (1): st.mngbcn.com:443
2023-06-10 12:58:35,511 https://st.mngbcn.com:443 "GET /rcs/pics/static/T1/fotos/S20/17082892_07.jpg?ts=1629295577152 HTTP/1.1" 200 101415
2023-06-10 12:58:35,878 Starting new HTTPS connection (1): st.mngbcn.com:443
2023-06-10 12:58:37,073 https://st.mngbcn.com:443 "GET /rcs/pics/static/T1/fotos/S20/17091090_01.jpg?ts=1622109912967 HTTP/1.1" 200 115197
2023-06-10 12:58:37,579 Starting new HTTPS connection (1): st.mngbcn.com:443
2023-06-10 12:58:38,632 https://st.mngbcn.com:443 "GET /rcs/pics/static/T1/fotos/S20/17084753_01.jpg?ts=1624957536051 HTTP/1.1" 200 126134
2023-06-10 12:58:39,261 Starting new HTTPS connection (1): st.mngbcn.com:443
2023-06-10 12:58:40,371 https://st.mngbcn.com:443 "GET /rcs/pics/static/T1/fotos/S20/17003259_02.jpg?ts=1623150316458 HTTP/1.1" 200 112930
2023-06-10 12:58:40,770 Starting new HTTPS connection (1): st.mngbcn.com:443
2023-06-10 12:58:41,803 https://st.mngbcn.com:443 "GET /rcs/pics/static/T1/fotos/S20/17094756_CU.jpg?ts=1620651509995 HTTP/1.1" 200 80496
2023-06-10 12:58:42,166 Starting new HTTPS connection (1): st.mngbcn.com:443
2023-06-10 12:58:43,851 https://st.mngbcn.com:443 "GET /rcs/pics/static/T1/fotos/S20/17034757_07.jpg?ts=1621328805950 HTTP/1.1" 200 156832
2023-06-10 12:58:44,570 Starting new HTTPS connection (1): st.mngbcn.com:443
2023-06-10 12:58:45,591 https://st.mngbcn.com:443 "GET /rcs/pics/static/T1/fotos/S20/17034757_TD.jpg?ts=1621328805950 HTTP/1.1" 200 50301
2023-06-10 12:58:45,715 Starting new HTTPS connection (1): st.mngbcn.com:443
2023-06-10 12:58:46,711 https://st.mngbcn.com:443 "GET /rcs/pics/static/T1/fotos/S20/17044757_CU.jpg?ts=1623150316458 HTTP/1.1" 200 155165
2023-06-10 12:58:47,181 Starting new HTTPS connection (1): st.mngbcn.com:443
2023-06-10 12:58:48,345 https://st.mngbcn.com:443 "GET /rcs/pics/static/T1/fotos/S20/17024758_CU.jpg?ts=1623150316458 HTTP/1.1" 200 70060
2023-06-10 12:58:48,631 Starting new HTTPS connection (1): st.mngbcn.com:443
2023-06-10 12:58:49,715 https://st.mngbcn.com:443 "GET /rcs/pics/static/T1/fotos/S20/17045903_07.jpg?ts=1618826694816 HTTP/1.1" 200 156109
2023-06-10 12:58:50,240 Starting new HTTPS connection (1): st.mngbcn.com:443
2023-06-10 12:58:51,961 https://st.mngbcn.com:443 "GET /rcs/pics/static/T1/fotos/S20/17085939_30.jpg?ts=1632401699237 HTTP/1.1" 200 182673
2023-06-10 12:58:52,637 Starting new HTTPS connection (1): st.mngbcn.com:443
2023-06-10 12:58:53,400 https://st.mngbcn.com:443 "GET /rcs/pics/static/T1/fotos/S20/17085939_05.jpg?ts=1632923557219 HTTP/1.1" 200 99954
2023-06-10 12:58:53,770 Starting new HTTPS connection (1): st.mngbcn.com:443
2023-06-10 12:58:55,158 https://st.mngbcn.com:443 "GET /rcs/pics/static/T1/fotos/S20/17025940_05.jpg?ts=1630392498603 HTTP/1.1" 200 144001
2023-06-10 12:58:55,779 Starting new HTTPS connection (1): st.mngbcn.com:443
2023-06-10 12:58:56,855 https://st.mngbcn.com:443 "GET /rcs/pics/static/T1/fotos/S20/17057721_99.jpg?ts=1633366457903 HTTP/1.1" 200 189823
2023-06-10 12:58:57,569 Starting new HTTPS connection (1): st.mngbcn.com:443
2023-06-10 12:58:58,228 https://st.mngbcn.com:443 "GET /rcs/pics/static/T1/fotos/S20/17057721_30.jpg?ts=1633366457903 HTTP/1.1" 200 102609
2023-06-10 12:58:58,815 Starting new HTTPS connection (1): st.mngbcn.com:443
2023-06-10 12:58:59,816 https://st.mngbcn.com:443 "GET /rcs/pics/static/T1/fotos/S20/17029805_99.jpg?ts=1635234891683 HTTP/1.1" 200 76109
2023-06-10 12:59:00,049 Starting new HTTPS connection (1): st.mngbcn.com:443
2023-06-10 12:59:00,955 https://st.mngbcn.com:443 "GET /rcs/pics/static/T1/fotos/S20/17029604_99.jpg?ts=1639674376448 HTTP/1.1" 200 125281
2023-06-10 12:59:01,392 Starting new HTTPS connection (1): st.mngbcn.com:443
2023-06-10 12:59:02,578 https://st.mngbcn.com:443 "GET /rcs/pics/static/T2/fotos/S20/27061117_56.jpg?ts=1639742760898 HTTP/1.1" 200 56034
2023-06-10 12:59:02,999 Starting new HTTPS connection (1): st.mngbcn.com:443
2023-06-10 12:59:04,050 https://st.mngbcn.com:443 "GET /rcs/pics/static/T2/fotos/S20/27061117_30.jpg?ts=1640184670791 HTTP/1.1" 200 95214
2023-06-10 12:59:05,048 Starting new HTTPS connection (1): st.mngbcn.com:443
2023-06-10 12:59:05,964 https://st.mngbcn.com:443 "GET /rcs/pics/static/T2/fotos/S20/27051100_01.jpg?ts=1638204677276 HTTP/1.1" 200 44523
2023-06-10 12:59:06,165 Starting new HTTPS connection (1): st.mngbcn.com:443
2023-06-10 12:59:07,506 https://st.mngbcn.com:443 "GET /rcs/pics/static/T2/fotos/S20/27091099_07.jpg?ts=1638453982671 HTTP/1.1" 200 182865
2023-06-10 12:59:08,372 Starting new HTTPS connection (1): st.mngbcn.com:443
2023-06-10 12:59:09,349 https://st.mngbcn.com:443 "GET /rcs/pics/static/T2/fotos/S20/27091099_37.jpg?ts=1638288357528 HTTP/1.1" 200 95863
2023-06-10 12:59:09,702 Starting new HTTPS connection (1): st.mngbcn.com:443
2023-06-10 12:59:10,437 https://st.mngbcn.com:443 "GET /rcs/pics/static/T2/fotos/S20/27071133_99.jpg?ts=1639134352180 HTTP/1.1" 200 74339
2023-06-10 12:59:10,723 Starting new HTTPS connection (1): st.mngbcn.com:443
2023-06-10 12:59:12,115 https://st.mngbcn.com:443 "GET /rcs/pics/static/T2/fotos/S20/27031118_07.jpg?ts=1639413999575 HTTP/1.1" 200 151142
2023-06-10 12:59:12,561 Starting new HTTPS connection (1): st.mngbcn.com:443
2023-06-10 12:59:13,385 https://st.mngbcn.com:443 "GET /rcs/pics/static/T2/fotos/S20/27031118_30.jpg?ts=1639413999575 HTTP/1.1" 200 152823
2023-06-10 12:59:13,808 Starting new HTTPS connection (1): st.mngbcn.com:443
2023-06-10 12:59:14,755 https://st.mngbcn.com:443 "GET /rcs/pics/static/T2/fotos/S20/27041098_43.jpg?ts=1638288357528 HTTP/1.1" 200 122599
2023-06-10 12:59:15,220 Starting new HTTPS connection (1): st.mngbcn.com:443
2023-06-10 12:59:15,988 https://st.mngbcn.com:443 "GET /rcs/pics/static/T2/fotos/S20/27041098_05.jpg?ts=1639501552354 HTTP/1.1" 200 124168
2023-06-10 12:59:16,473 Starting new HTTPS connection (1): st.mngbcn.com:443
2023-06-10 12:59:17,394 https://st.mngbcn.com:443 "GET /rcs/pics/static/T2/fotos/S20/27061109_30.jpg?ts=1639399690212 HTTP/1.1" 200 140999
2023-06-10 12:59:17,900 Starting new HTTPS connection (1): st.mngbcn.com:443
2023-06-10 12:59:18,746 https://st.mngbcn.com:443 "GET /rcs/pics/static/T2/fotos/S20/27061109_56.jpg?ts=1639669706905 HTTP/1.1" 200 179849
2023-06-10 12:59:19,265 Starting new HTTPS connection (1): st.mngbcn.com:443
2023-06-10 12:59:19,321 https://st.mngbcn.com:443 "GET /rcs/pics/static/T2/fotos/S20/27031119_07.jpg?ts=1639413999575 HTTP/1.1" 200 200402
2023-06-10 12:59:19,359 Starting new HTTPS connection (1): st.mngbcn.com:443
2023-06-10 12:59:20,084 https://st.mngbcn.com:443 "GET /rcs/pics/static/T2/fotos/S20/27061097_08.jpg?ts=1639134352180 HTTP/1.1" 200 76646
2023-06-10 12:59:20,406 Starting new HTTPS connection (1): st.mngbcn.com:443
2023-06-10 12:59:22,039 https://st.mngbcn.com:443 "GET /rcs/pics/static/T2/fotos/S20/27061097_99.jpg?ts=1639134352180 HTTP/1.1" 200 115565
2023-06-10 12:59:23,012 Starting new HTTPS connection (1): st.mngbcn.com:443
2023-06-10 12:59:24,291 https://st.mngbcn.com:443 "GET /rcs/pics/static/T2/fotos/S20/27091137_78.jpg?ts=1635437141044 HTTP/1.1" 200 48327
2023-06-10 12:59:24,619 Starting new HTTPS connection (1): st.mngbcn.com:443
2023-06-10 12:59:25,730 https://st.mngbcn.com:443 "GET /rcs/pics/static/T2/fotos/S20/27091137_49.jpg?ts=1637748499823 HTTP/1.1" 200 99623
2023-06-10 12:59:26,109 Starting new HTTPS connection (1): st.mngbcn.com:443
2023-06-10 12:59:26,963 https://st.mngbcn.com:443 "GET /rcs/pics/static/T2/fotos/S20/27091137_30.jpg?ts=1638183974860 HTTP/1.1" 200 83834
2023-06-10 12:59:27,297 Starting new HTTPS connection (1): st.mngbcn.com:443
2023-06-10 12:59:28,251 https://st.mngbcn.com:443 "GET /rcs/pics/static/T2/fotos/S20/27031139_99.jpg?ts=1637057446718 HTTP/1.1" 200 106669
2023-06-10 12:59:28,647 Starting new HTTPS connection (1): st.mngbcn.com:443
2023-06-10 12:59:29,831 https://st.mngbcn.com:443 "GET /rcs/pics/static/T2/fotos/S20/27140005_99.jpg?ts=1644929465749 HTTP/1.1" 200 94885
2023-06-10 12:59:30,184 Starting new HTTPS connection (1): st.mngbcn.com:443
2023-06-10 12:59:30,240 https://st.mngbcn.com:443 "GET /rcs/pics/static/T2/fotos/S20/27032526_99.jpg?ts=1639669706905 HTTP/1.1" 200 144093
2023-06-10 12:59:30,265 Starting new HTTPS connection (1): st.mngbcn.com:443
2023-06-10 12:59:30,327 https://st.mngbcn.com:443 "GET /rcs/pics/static/T2/fotos/S20/27032526_01.jpg?ts=1644836768849 HTTP/1.1" 200 54055
2023-06-10 12:59:30,339 Starting new HTTPS connection (1): st.mngbcn.com:443
2023-06-10 12:59:30,400 https://st.mngbcn.com:443 "GET /rcs/pics/static/T2/fotos/S20/27082509_01.jpg?ts=1639147623762 HTTP/1.1" 200 109158
2023-06-10 12:59:30,430 Starting new HTTPS connection (1): st.mngbcn.com:443
2023-06-10 12:59:30,483 https://st.mngbcn.com:443 "GET /rcs/pics/static/T2/fotos/S20/27082509_PL.jpg?ts=1639500340001 HTTP/1.1" 200 129926
2023-06-10 12:59:30,511 Starting new HTTPS connection (1): st.mngbcn.com:443
2023-06-10 12:59:33,660 https://st.mngbcn.com:443 "GET /rcs/pics/static/T2/fotos/S20/27032527_07.jpg?ts=1639134352180 HTTP/1.1" 200 202715
2023-06-10 12:59:34,307 Starting new HTTPS connection (1): st.mngbcn.com:443
2023-06-10 12:59:35,358 https://st.mngbcn.com:443 "GET /rcs/pics/static/T2/fotos/S20/27032527_56.jpg?ts=1639134352180 HTTP/1.1" 200 120022
2023-06-10 12:59:35,823 Starting new HTTPS connection (1): st.mngbcn.com:443
2023-06-10 12:59:36,913 https://st.mngbcn.com:443 "GET /rcs/pics/static/T2/fotos/S20/27052510_05.jpg?ts=1639669706905 HTTP/1.1" 200 76955
2023-06-10 12:59:37,310 Starting new HTTPS connection (1): st.mngbcn.com:443
2023-06-10 12:59:38,099 https://st.mngbcn.com:443 "GET /rcs/pics/static/T2/fotos/S20/27052510_07.jpg?ts=1639669706905 HTTP/1.1" 200 187828
2023-06-10 12:59:38,637 Starting new HTTPS connection (1): st.mngbcn.com:443
2023-06-10 12:59:38,692 https://st.mngbcn.com:443 "GET /rcs/pics/static/T2/fotos/S20/27051145_99.jpg?ts=1639674376448 HTTP/1.1" 200 100248
2023-06-10 12:59:38,719 Starting new HTTPS connection (1): st.mngbcn.com:443
2023-06-10 12:59:38,776 https://st.mngbcn.com:443 "GET /rcs/pics/static/T2/fotos/S20/27073266_01.jpg?ts=1679414620574 HTTP/1.1" 200 71177
2023-06-10 12:59:38,797 Starting new HTTPS connection (1): st.mngbcn.com:443
2023-06-10 12:59:39,763 https://st.mngbcn.com:443 "GET /rcs/pics/static/T2/fotos/S20/27002529_37.jpg?ts=1641311430361 HTTP/1.1" 200 74313
2023-06-10 12:59:40,102 Starting new HTTPS connection (1): st.mngbcn.com:443
2023-06-10 12:59:41,090 https://st.mngbcn.com:443 "GET /rcs/pics/static/T2/fotos/S20/27012528_05.jpg?ts=1639500340001 HTTP/1.1" 200 97012
2023-06-10 12:59:41,496 Starting new HTTPS connection (1): st.mngbcn.com:443
2023-06-10 12:59:41,567 https://st.mngbcn.com:443 "GET /rcs/pics/static/T2/fotos/S20/27054388_37.jpg?ts=1639669706905 HTTP/1.1" 200 224691
2023-06-10 12:59:41,602 Starting new HTTPS connection (1): st.mngbcn.com:443
2023-06-10 12:59:41,649 https://st.mngbcn.com:443 "GET /rcs/pics/static/T2/fotos/S20/27054388_99.jpg?ts=1639669706905 HTTP/1.1" 200 151778
2023-06-10 12:59:41,667 Starting new HTTPS connection (1): st.mngbcn.com:443
2023-06-10 12:59:42,583 https://st.mngbcn.com:443 "GET /rcs/pics/static/T2/fotos/S20/27064388_07.jpg?ts=1638288357528 HTTP/1.1" 200 176357
2023-06-10 12:59:43,064 Starting new HTTPS connection (1): st.mngbcn.com:443
2023-06-10 12:59:43,928 https://st.mngbcn.com:443 "GET /rcs/pics/static/T2/fotos/S20/27064388_92.jpg?ts=1638288357528 HTTP/1.1" 200 107772
2023-06-10 12:59:44,297 Starting new HTTPS connection (1): st.mngbcn.com:443
2023-06-10 12:59:45,185 https://st.mngbcn.com:443 "GET /rcs/pics/static/T2/fotos/S20/27075909_05.jpg?ts=1643285190671 HTTP/1.1" 200 49730
2023-06-10 12:59:45,335 Starting new HTTPS connection (1): st.mngbcn.com:443
2023-06-10 12:59:46,088 https://st.mngbcn.com:443 "GET /rcs/pics/static/T2/fotos/S20/27075909_35.jpg?ts=1643285190671 HTTP/1.1" 200 84227
2023-06-10 12:59:46,413 Starting new HTTPS connection (1): st.mngbcn.com:443
2023-06-10 12:59:47,341 https://st.mngbcn.com:443 "GET /rcs/pics/static/T2/fotos/S20/27075909_37.jpg?ts=1643285190671 HTTP/1.1" 200 67814
2023-06-10 12:59:47,668 Starting new HTTPS connection (1): st.mngbcn.com:443
2023-06-10 12:59:48,580 https://st.mngbcn.com:443 "GET /rcs/pics/static/T2/fotos/S20/27075909_07.jpg?ts=1643285190671 HTTP/1.1" 200 82179
2023-06-10 12:59:49,017 Starting new HTTPS connection (1): st.mngbcn.com:443
2023-06-10 12:59:49,792 https://st.mngbcn.com:443 "GET /rcs/pics/static/T2/fotos/S20/27055910_08.jpg?ts=1647363311717 HTTP/1.1" 200 106318
2023-06-10 12:59:50,164 Starting new HTTPS connection (1): st.mngbcn.com:443
2023-06-10 12:59:51,436 https://st.mngbcn.com:443 "GET /rcs/pics/static/T2/fotos/S20/27047727_99.jpg?ts=1643904427832 HTTP/1.1" 200 105614
2023-06-10 12:59:52,018 Starting new HTTPS connection (1): st.mngbcn.com:443
2023-06-10 12:59:53,357 https://st.mngbcn.com:443 "GET /rcs/pics/static/T2/fotos/S20/27017729_07.jpg?ts=1644511845799 HTTP/1.1" 200 109607
2023-06-10 12:59:54,081 Starting new HTTPS connection (1): st.mngbcn.com:443
2023-06-10 12:59:55,159 https://st.mngbcn.com:443 "GET /rcs/pics/static/T2/fotos/S20/27017729_99.jpg?ts=1644511845799 HTTP/1.1" 200 74428
2023-06-10 12:59:55,791 Starting new HTTPS connection (1): st.mngbcn.com:443
2023-06-10 12:59:56,802 https://st.mngbcn.com:443 "GET /rcs/pics/static/T2/fotos/S20/27017729_69.jpg?ts=1644511845799 HTTP/1.1" 200 124326
2023-06-10 12:59:57,524 Starting new HTTPS connection (1): st.mngbcn.com:443
2023-06-10 12:59:58,296 https://st.mngbcn.com:443 "GET /rcs/pics/static/T2/fotos/S20/27017729_37.jpg?ts=1644511845799 HTTP/1.1" 200 57846
2023-06-10 12:59:58,508 Starting new HTTPS connection (1): st.mngbcn.com:443
2023-06-10 12:59:59,401 https://st.mngbcn.com:443 "GET /rcs/pics/static/T2/fotos/S20/27017729_50.jpg?ts=1644511845799 HTTP/1.1" 200 39190
2023-06-10 12:59:59,586 Starting new HTTPS connection (1): st.mngbcn.com:443
2023-06-10 13:00:00,388 https://st.mngbcn.com:443 "GET /rcs/pics/static/T2/fotos/S20/27017730_02.jpg?ts=1644511845799 HTTP/1.1" 200 43992
2023-06-10 13:00:00,603 Starting new HTTPS connection (1): st.mngbcn.com:443
2023-06-10 13:00:01,625 https://st.mngbcn.com:443 "GET /rcs/pics/static/T2/fotos/S20/27017730_99.jpg?ts=1644511845799 HTTP/1.1" 200 61517
2023-06-10 13:00:01,936 Starting new HTTPS connection (1): st.mngbcn.com:443
2023-06-10 13:00:02,939 https://st.mngbcn.com:443 "GET /rcs/pics/static/T2/fotos/S20/27017730_92.jpg?ts=1644511845799 HTTP/1.1" 200 84031
2023-06-10 13:00:03,259 Starting new HTTPS connection (1): st.mngbcn.com:443
2023-06-10 13:00:04,545 https://st.mngbcn.com:443 "GET /rcs/pics/static/T2/fotos/S20/27017731_99.jpg?ts=1644511845799 HTTP/1.1" 200 64107
2023-06-10 13:00:04,919 Starting new HTTPS connection (1): st.mngbcn.com:443
2023-06-10 13:00:05,878 https://st.mngbcn.com:443 "GET /rcs/pics/static/T2/fotos/S20/27019805_56.jpg?ts=1643983135333 HTTP/1.1" 200 57674
2023-06-10 13:00:06,178 Starting new HTTPS connection (1): st.mngbcn.com:443
2023-06-10 13:00:06,992 https://st.mngbcn.com:443 "GET /rcs/pics/static/T2/fotos/S20/27097744_05.jpg?ts=1643983135333 HTTP/1.1" 200 28385
2023-06-10 13:00:07,125 Starting new HTTPS connection (1): st.mngbcn.com:443
2023-06-10 13:00:08,136 https://st.mngbcn.com:443 "GET /rcs/pics/static/T2/fotos/S20/27097744_56.jpg?ts=1643983135333 HTTP/1.1" 200 88109
2023-06-10 13:00:08,482 Starting new HTTPS connection (1): st.mngbcn.com:443
2023-06-10 13:00:09,542 https://st.mngbcn.com:443 "GET /rcs/pics/static/T2/fotos/S20/27051166_11.jpg?ts=1652861342273 HTTP/1.1" 200 111275
2023-06-10 13:00:10,024 Starting new HTTPS connection (1): st.mngbcn.com:443
2023-06-10 13:00:11,124 https://st.mngbcn.com:443 "GET /rcs/pics/static/T2/fotos/S20/27051166_40.jpg?ts=1652861342273 HTTP/1.1" 200 121786
2023-06-10 13:00:11,651 Starting new HTTPS connection (1): st.mngbcn.com:443
2023-06-10 13:00:12,637 https://st.mngbcn.com:443 "GET /rcs/pics/static/T7/fotos/S20/77000000_CU.jpg?ts=1608136459469 HTTP/1.1" 200 76872
2023-06-10 13:00:13,139 Starting new HTTPS connection (1): st.mngbcn.com:443
2023-06-10 13:00:14,317 https://st.mngbcn.com:443 "GET /rcs/pics/static/T8/fotos/S20/87031006_07.jpg?ts=1608136459469 HTTP/1.1" 200 73301
2023-06-10 13:00:14,723 Starting new HTTPS connection (1): st.mngbcn.com:443
2023-06-10 13:00:15,908 https://st.mngbcn.com:443 "GET /rcs/pics/static/T8/fotos/S20/87031039_07.jpg?ts=1604667845447 HTTP/1.1" 200 153410
2023-06-10 13:00:16,446 Starting new HTTPS connection (1): st.mngbcn.com:443
2023-06-10 13:00:17,445 https://st.mngbcn.com:443 "GET /rcs/pics/static/T8/fotos/S20/87031039_30.jpg?ts=1604667845447 HTTP/1.1" 200 122051
2023-06-10 13:00:17,908 Starting new HTTPS connection (1): st.mngbcn.com:443
2023-06-10 13:00:18,878 https://st.mngbcn.com:443 "GET /rcs/pics/static/T8/fotos/S20/87031039_52.jpg?ts=1605110477179 HTTP/1.1" 200 102878
2023-06-10 13:00:19,218 Starting new HTTPS connection (1): st.mngbcn.com:443
2023-06-10 13:00:20,328 https://st.mngbcn.com:443 "GET /rcs/pics/static/T8/fotos/S20/87031041_35.jpg?ts=1602777835568 HTTP/1.1" 200 153121
2023-06-10 13:00:20,972 Starting new HTTPS connection (1): st.mngbcn.com:443
2023-06-10 13:00:22,359 https://st.mngbcn.com:443 "GET /rcs/pics/static/T8/fotos/S20/87114393_99.jpg?ts=1607691919543 HTTP/1.1" 200 117413
2023-06-10 13:00:23,084 Starting new HTTPS connection (1): st.mngbcn.com:443
2023-06-10 13:00:23,708 https://st.mngbcn.com:443 "GET /rcs/pics/static/T8/fotos/S20/87100003_CU.jpg?ts=1607691919543 HTTP/1.1" 200 67905
2023-06-10 13:00:24,158 Starting new HTTPS connection (1): st.mngbcn.com:443
2023-06-10 13:00:25,331 https://st.mngbcn.com:443 "GET /rcs/pics/static/T8/fotos/S20/87140005_99.jpg?ts=1607691919543 HTTP/1.1" 200 107672
2023-06-10 13:00:25,837 Starting new HTTPS connection (1): st.mngbcn.com:443
2023-06-10 13:00:26,865 https://st.mngbcn.com:443 "GET /rcs/pics/static/T8/fotos/S20/87110006_30.jpg?ts=1610368482510 HTTP/1.1" 200 59362
2023-06-10 13:00:27,068 Starting new HTTPS connection (1): st.mngbcn.com:443
2023-06-10 13:00:28,015 https://st.mngbcn.com:443 "GET /rcs/pics/static/T8/fotos/S20/87017628_30.jpg?ts=1610984594612 HTTP/1.1" 200 53376
2023-06-10 13:00:28,275 Starting new HTTPS connection (1): st.mngbcn.com:443
2023-06-10 13:00:29,502 https://st.mngbcn.com:443 "GET /rcs/pics/static/T2/fotos/S20/27000720_99.jpg?ts=1638536774689 HTTP/1.1" 200 407268
2023-06-10 13:00:30,375 Starting new HTTPS connection (1): st.mngbcn.com:443
2023-06-10 13:00:31,696 https://st.mngbcn.com:443 "GET /rcs/pics/static/T1/fotos/S20/17002880_20.jpg?ts=1619772770352 HTTP/1.1" 200 343439
2023-06-10 13:00:32,401 Starting new HTTPS connection (1): st.mngbcn.com:443
2023-06-10 13:00:33,306 https://st.mngbcn.com:443 "GET /rcs/pics/static/T2/fotos/S20/27027748_02.jpg?ts=1647363311717 HTTP/1.1" 200 67266
2023-06-10 13:00:33,553 Starting new HTTPS connection (1): st.mngbcn.com:443
2023-06-10 13:00:34,980 https://st.mngbcn.com:443 "GET /rcs/pics/static/T2/fotos/S20/27000742_07.jpg?ts=1639501552354 HTTP/1.1" 200 295493
2023-06-10 13:00:35,964 Starting new HTTPS connection (1): st.mngbcn.com:443
2023-06-10 13:00:37,007 https://st.mngbcn.com:443 "GET /rcs/pics/static/T1/fotos/S20/17002508_99.jpg?ts=1620730784206 HTTP/1.1" 200 99031
2023-06-10 13:00:37,317 Starting new HTTPS connection (1): st.mngbcn.com:443
2023-06-10 13:00:38,348 https://st.mngbcn.com:443 "GET /rcs/pics/static/T1/fotos/S20/17081109_07.jpg?ts=1621597391603 HTTP/1.1" 200 224984
2023-06-10 13:00:39,003 Starting new HTTPS connection (1): st.mngbcn.com:443
2023-06-10 13:00:40,387 https://st.mngbcn.com:443 "GET /rcs/pics/static/T1/fotos/S20/17032505_99.jpg?ts=1621328805950 HTTP/1.1" 200 95931
2023-06-10 13:00:41,055 Starting new HTTPS connection (1): st.mngbcn.com:443
2023-06-10 13:00:41,915 https://st.mngbcn.com:443 "GET /rcs/pics/static/T1/fotos/S20/17012506_99.jpg?ts=1619517239036 HTTP/1.1" 200 149821
2023-06-10 13:00:42,469 Starting new HTTPS connection (1): st.mngbcn.com:443
2023-06-10 13:00:43,434 https://st.mngbcn.com:443 "GET /rcs/pics/static/T1/fotos/S20/17022505_99.jpg?ts=1619606497036 HTTP/1.1" 200 161201
2023-06-10 13:00:44,090 Starting new HTTPS connection (1): st.mngbcn.com:443
2023-06-10 13:00:45,033 https://st.mngbcn.com:443 "GET /rcs/pics/static/T1/fotos/S20/17012505_92.jpg?ts=1619517239036 HTTP/1.1" 200 103168
2023-06-10 13:00:45,389 Starting new HTTPS connection (1): st.mngbcn.com:443
2023-06-10 13:00:46,313 https://st.mngbcn.com:443 "GET /rcs/pics/static/T1/fotos/S20/17082504_99.jpg?ts=1620730784206 HTTP/1.1" 200 219792
2023-06-10 13:00:46,898 Starting new HTTPS connection (1): st.mngbcn.com:443
2023-06-10 13:00:48,220 https://st.mngbcn.com:443 "GET /rcs/pics/static/T1/fotos/S20/17022878_92.jpg?ts=1619772770352 HTTP/1.1" 200 112324
2023-06-10 13:00:48,996 Starting new HTTPS connection (1): st.mngbcn.com:443
2023-06-10 13:00:50,039 https://st.mngbcn.com:443 "GET /rcs/pics/static/T1/fotos/S20/17002885_52.jpg?ts=1623081914436 HTTP/1.1" 200 173678
2023-06-10 13:00:50,793 Starting new HTTPS connection (1): st.mngbcn.com:443
2023-06-10 13:00:51,723 https://st.mngbcn.com:443 "GET /rcs/pics/static/T1/fotos/S20/17002885_37.jpg?ts=1623081914436 HTTP/1.1" 200 162043
2023-06-10 13:00:52,253 Starting new HTTPS connection (1): st.mngbcn.com:443
2023-06-10 13:00:53,137 https://st.mngbcn.com:443 "GET /rcs/pics/static/T1/fotos/S20/17019202_99.jpg?ts=1636560397495 HTTP/1.1" 200 174401
2023-06-10 13:00:53,917 Starting new HTTPS connection (1): st.mngbcn.com:443
2023-06-10 13:00:55,087 https://st.mngbcn.com:443 "GET /rcs/pics/static/T1/fotos/S20/17009203_01.jpg?ts=1627483743509 HTTP/1.1" 200 186199
2023-06-10 13:00:55,749 Starting new HTTPS connection (1): st.mngbcn.com:443
2023-06-10 13:00:56,832 https://st.mngbcn.com:443 "GET /rcs/pics/static/T1/fotos/S20/17019203_01.jpg?ts=1627483743509 HTTP/1.1" 200 239494
2023-06-10 13:00:57,564 Starting new HTTPS connection (1): st.mngbcn.com:443
2023-06-10 13:00:58,812 https://st.mngbcn.com:443 "GET /rcs/pics/static/T2/fotos/S20/27000736_99.jpg?ts=1637057446718 HTTP/1.1" 200 307760
2023-06-10 13:00:59,756 Starting new HTTPS connection (1): st.mngbcn.com:443
2023-06-10 13:01:01,227 https://st.mngbcn.com:443 "GET /rcs/pics/static/T2/fotos/S20/27000723_99.jpg?ts=1637057446718 HTTP/1.1" 200 149372
2023-06-10 13:01:02,018 Starting new HTTPS connection (1): st.mngbcn.com:443
2023-06-10 13:01:03,730 https://st.mngbcn.com:443 "GET /rcs/pics/static/T2/fotos/S20/27000721_99.jpg?ts=1637057446718 HTTP/1.1" 200 362512
2023-06-10 13:01:04,675 Starting new HTTPS connection (1): st.mngbcn.com:443
2023-06-10 13:01:05,957 https://st.mngbcn.com:443 "GET /rcs/pics/static/T2/fotos/S20/27000719_99.jpg?ts=1637057446718 HTTP/1.1" 200 115623
2023-06-10 13:01:06,634 Starting new HTTPS connection (1): st.mngbcn.com:443
2023-06-10 13:01:07,622 https://st.mngbcn.com:443 "GET /rcs/pics/static/T2/fotos/S20/27000716_07.jpg?ts=1642085462130 HTTP/1.1" 200 200456
2023-06-10 13:01:08,338 Starting new HTTPS connection (1): st.mngbcn.com:443
2023-06-10 13:01:09,669 https://st.mngbcn.com:443 "GET /rcs/pics/static/T2/fotos/S20/27020713_07.jpg?ts=1640018855207 HTTP/1.1" 200 109444
2023-06-10 13:01:10,199 Starting new HTTPS connection (1): st.mngbcn.com:443
2023-06-10 13:01:11,132 https://st.mngbcn.com:443 "GET /rcs/pics/static/T2/fotos/S20/27000713_49.jpg?ts=1639501552354 HTTP/1.1" 200 239450
2023-06-10 13:01:11,857 Starting new HTTPS connection (1): st.mngbcn.com:443
2023-06-10 13:01:12,744 https://st.mngbcn.com:443 "GET /rcs/pics/static/T2/fotos/S20/27000708_49.jpg?ts=1639501552354 HTTP/1.1" 200 223808
2023-06-10 13:01:13,429 Starting new HTTPS connection (1): st.mngbcn.com:443
2023-06-10 13:01:14,797 https://st.mngbcn.com:443 "GET /rcs/pics/static/T2/fotos/S20/27080705_37.jpg?ts=1637057446718 HTTP/1.1" 200 459478
2023-06-10 13:01:15,735 Starting new HTTPS connection (1): st.mngbcn.com:443
2023-06-10 13:01:16,708 https://st.mngbcn.com:443 "GET /rcs/pics/static/T2/fotos/S20/27050704_37.jpg?ts=1641311430361 HTTP/1.1" 200 145224
2023-06-10 13:01:17,195 Starting new HTTPS connection (1): st.mngbcn.com:443
2023-06-10 13:01:18,120 https://st.mngbcn.com:443 "GET /rcs/pics/static/T2/fotos/S20/27000737_37.jpg?ts=1638536774689 HTTP/1.1" 200 227395
2023-06-10 13:01:18,844 Starting new HTTPS connection (1): st.mngbcn.com:443
2023-06-10 13:01:20,366 https://st.mngbcn.com:443 "GET /rcs/pics/static/T2/fotos/S20/27000737_99.jpg?ts=1638536774689 HTTP/1.1" 200 233012
2023-06-10 13:01:21,152 Starting new HTTPS connection (1): st.mngbcn.com:443
2023-06-10 13:01:23,000 https://st.mngbcn.com:443 "GET /rcs/pics/static/T2/fotos/S20/27000742_56.jpg?ts=1639501552354 HTTP/1.1" 200 309903
2023-06-10 13:01:24,909 Starting new HTTPS connection (1): st.mngbcn.com:443
2023-06-10 13:01:26,360 https://st.mngbcn.com:443 "GET /rcs/pics/static/T2/fotos/S20/27097746_37.jpg?ts=1647363311717 HTTP/1.1" 200 399306
2023-06-10 13:01:27,400 Starting new HTTPS connection (1): st.mngbcn.com:443
2023-06-10 13:01:28,612 https://st.mngbcn.com:443 "GET /rcs/pics/static/T2/fotos/S20/27037747_07.jpg?ts=1647441546830 HTTP/1.1" 200 195423
2023-06-10 13:01:29,175 Starting new HTTPS connection (1): st.mngbcn.com:443
2023-06-10 13:01:30,150 https://st.mngbcn.com:443 "GET /rcs/pics/static/T2/fotos/S20/27047747_07.jpg?ts=1647363311717 HTTP/1.1" 200 322828
2023-06-10 13:01:30,882 Starting new HTTPS connection (1): st.mngbcn.com:443
2023-06-10 13:01:31,789 https://st.mngbcn.com:443 "GET /rcs/pics/static/T2/fotos/S20/27047747_99.jpg?ts=1647363311717 HTTP/1.1" 200 216448
2023-06-10 13:01:32,499 Starting new HTTPS connection (1): st.mngbcn.com:443
2023-06-10 13:01:33,947 https://st.mngbcn.com:443 "GET /rcs/pics/static/T2/fotos/S20/27027748_56.jpg?ts=1647363311717 HTTP/1.1" 200 209409
2023-06-10 13:01:34,903 Starting new HTTPS connection (1): st.mngbcn.com:443
2023-06-10 13:01:35,782 https://st.mngbcn.com:443 "GET /rcs/pics/static/T2/fotos/S20/27027749_99_B.jpg?ts=1659631825553 HTTP/1.1" 200 59661
2023-06-10 13:01:35,957 Starting new HTTPS connection (1): st.mngbcn.com:443
2023-06-10 13:01:37,624 https://st.mngbcn.com:443 "GET /rcs/pics/static/T3/fotos/S20/37110009_30.jpg?ts=1653987192715 HTTP/1.1" 200 121870
2023-06-10 13:01:38,498 Starting new HTTPS connection (1): st.mngbcn.com:443
2023-06-10 13:01:39,667 https://st.mngbcn.com:443 "GET /rcs/pics/static/T3/fotos/S20/37110009_99.jpg?ts=1653987192715 HTTP/1.1" 200 163374
2023-06-10 13:01:40,449 Starting new HTTPS connection (1): st.mngbcn.com:443
2023-06-10 13:01:42,130 https://st.mngbcn.com:443 "GET /rcs/pics/static/T8/fotos/S20/87022510_07.jpg?ts=1604404387322 HTTP/1.1" 200 207305
2023-06-10 13:01:43,010 Starting new HTTPS connection (1): st.mngbcn.com:443
2023-06-10 13:01:44,737 https://st.mngbcn.com:443 "GET /rcs/pics/static/T1/fotos/S20/17061083_99.jpg?ts=1617180197038 HTTP/1.1" 200 196378
2023-06-10 13:01:45,653 Starting new HTTPS connection (1): st.mngbcn.com:443
2023-06-10 13:01:46,842 https://st.mngbcn.com:443 "GET /rcs/pics/static/T1/fotos/outfit/S20/17000009_99-99999999_01.jpg?ts=1615380739403 HTTP/1.1" 200 144588
2023-06-10 13:01:47,329 Starting new HTTPS connection (1): st.mngbcn.com:443
2023-06-10 13:01:48,580 https://st.mngbcn.com:443 "GET /rcs/pics/static/T2/fotos/S20/27010047_70.jpg?ts=1638359361831 HTTP/1.1" 200 119634
2023-06-10 13:01:49,053 Starting new HTTPS connection (1): st.mngbcn.com:443
2023-06-10 13:01:50,220 https://st.mngbcn.com:443 "GET /rcs/pics/static/T2/fotos/S20/27105129_08.jpg?ts=1646931988473 HTTP/1.1" 200 188817
2023-06-10 13:01:50,912 Starting new HTTPS connection (1): st.mngbcn.com:443
2023-06-10 13:01:52,160 https://st.mngbcn.com:443 "GET /rcs/pics/static/T3/fotos/S20/37010673_CU.jpg?ts=1652180897355 HTTP/1.1" 200 68191
2023-06-10 13:01:52,429 Starting new HTTPS connection (1): st.mngbcn.com:443
2023-06-10 13:01:53,211 https://st.mngbcn.com:443 "GET /rcs/pics/static/T3/fotos/S20/37010675_30.jpg?ts=1652180897355 HTTP/1.1" 200 146471
2023-06-10 13:01:53,701 Starting new HTTPS connection (1): st.mngbcn.com:443
2023-06-10 13:01:54,791 https://st.mngbcn.com:443 "GET /rcs/pics/static/T3/fotos/S20/37010675_37.jpg?ts=1652180897355 HTTP/1.1" 200 109792
2023-06-10 13:01:55,328 Starting new HTTPS connection (1): st.mngbcn.com:443
2023-06-10 13:01:56,563 https://st.mngbcn.com:443 "GET /rcs/pics/static/T3/fotos/outfit/S20/37072520_30-99999999_01.jpg?ts=1653149551729 HTTP/1.1" 200 131974
2023-06-10 13:01:57,143 Starting new HTTPS connection (1): st.mngbcn.com:443
2023-06-10 13:01:58,002 https://st.mngbcn.com:443 "GET /rcs/pics/static/T3/fotos/S20/37147726_30_B.jpg?ts=1663066463492 HTTP/1.1" 200 59087
2023-06-10 13:01:58,186 Starting new HTTPS connection (1): st.mngbcn.com:443
2023-06-10 13:01:59,127 https://st.mngbcn.com:443 "GET /rcs/pics/static/T3/fotos/S20/37100020_99_B.jpg?ts=1663066463492 HTTP/1.1" 200 52885
2023-06-10 13:01:59,339 Starting new HTTPS connection (1): st.mngbcn.com:443
2023-06-10 13:02:00,255 https://st.mngbcn.com:443 "GET /rcs/pics/static/T3/fotos/S20/37032523_99_B.jpg?ts=1663066463492 HTTP/1.1" 200 32002
2023-06-10 13:02:00,374 Starting new HTTPS connection (1): st.mngbcn.com:443
2023-06-10 13:02:01,401 https://st.mngbcn.com:443 "GET /rcs/pics/static/T2/fotos/S20/27087749_07.jpg?ts=1650559696422 HTTP/1.1" 200 346349
2023-06-10 13:02:01,965 Starting new HTTPS connection (1): st.mngbcn.com:443
2023-06-10 13:02:02,917 https://st.mngbcn.com:443 "GET /rcs/pics/static/T8/fotos/S20/87021014_52.jpg?ts=1605269066167 HTTP/1.1" 200 410726
2023-06-10 13:02:03,636 Starting new HTTPS connection (1): st.mngbcn.com:443
2023-06-10 13:02:04,777 https://st.mngbcn.com:443 "GET /rcs/pics/static/T1/fotos/S20/17015914_96.jpg?ts=1628092329121 HTTP/1.1" 200 120085
2023-06-10 13:02:05,306 Starting new HTTPS connection (1): st.mngbcn.com:443
2023-06-10 13:02:06,311 https://st.mngbcn.com:443 "GET /rcs/pics/static/T1/fotos/S20/17015914_94.jpg?ts=1628092329121 HTTP/1.1" 200 166176
2023-06-10 13:02:06,871 Starting new HTTPS connection (1): st.mngbcn.com:443
2023-06-10 13:02:08,138 https://st.mngbcn.com:443 "GET /rcs/pics/static/T1/fotos/S20/17085907_92.jpg?ts=1628517040077 HTTP/1.1" 200 252328
2023-06-10 13:02:08,912 Starting new HTTPS connection (1): st.mngbcn.com:443
2023-06-10 13:02:10,291 https://st.mngbcn.com:443 "GET /rcs/pics/static/T1/fotos/S20/17035910_52.jpg?ts=1628517040077 HTTP/1.1" 200 184559
2023-06-10 13:02:10,974 Starting new HTTPS connection (1): st.mngbcn.com:443
2023-06-10 13:02:11,927 https://st.mngbcn.com:443 "GET /rcs/pics/static/T1/fotos/S20/17046313_09.jpg?ts=1628517040077 HTTP/1.1" 200 271190
2023-06-10 13:02:12,451 Starting new HTTPS connection (1): st.mngbcn.com:443
2023-06-10 13:02:13,259 https://st.mngbcn.com:443 "GET /rcs/pics/static/T1/fotos/S20/17046313_56.jpg?ts=1628517040077 HTTP/1.1" 200 216247
2023-06-10 13:02:13,766 Starting new HTTPS connection (1): st.mngbcn.com:443
2023-06-10 13:02:15,487 https://st.mngbcn.com:443 "GET /rcs/pics/static/T1/fotos/S20/17046313_92.jpg?ts=1628517040077 HTTP/1.1" 200 302964
2023-06-10 13:02:16,296 Starting new HTTPS connection (1): st.mngbcn.com:443
2023-06-10 13:02:17,457 https://st.mngbcn.com:443 "GET /rcs/pics/static/T1/fotos/S20/17026314_09.jpg?ts=1640004523981 HTTP/1.1" 200 233262
2023-06-10 13:02:18,114 Starting new HTTPS connection (1): st.mngbcn.com:443
2023-06-10 13:02:19,200 https://st.mngbcn.com:443 "GET /rcs/pics/static/T1/fotos/S20/17057735_92.jpg?ts=1630050585968 HTTP/1.1" 200 180046
2023-06-10 13:02:19,784 Starting new HTTPS connection (1): st.mngbcn.com:443
2023-06-10 13:02:21,042 https://st.mngbcn.com:443 "GET /rcs/pics/static/T2/fotos/S20/27087749_56.jpg?ts=1650559696422 HTTP/1.1" 200 678343
2023-06-10 13:02:21,956 Starting new HTTPS connection (1): st.mngbcn.com:443
2023-06-10 13:02:23,231 https://st.mngbcn.com:443 "GET /rcs/pics/static/T2/fotos/S20/27087749_35.jpg?ts=1650559696422 HTTP/1.1" 200 540970
2023-06-10 13:02:24,179 Starting new HTTPS connection (1): st.mngbcn.com:443
2023-06-10 13:02:25,648 https://st.mngbcn.com:443 "GET /rcs/pics/static/T2/fotos/S20/27087749_69.jpg?ts=1650559696422 HTTP/1.1" 200 341097
2023-06-10 13:02:26,693 Starting new HTTPS connection (1): st.mngbcn.com:443
2023-06-10 13:02:28,314 https://st.mngbcn.com:443 "GET /rcs/pics/static/T2/fotos/S20/27087749_37.jpg?ts=1650559696422 HTTP/1.1" 200 596380
2023-06-10 13:02:29,883 Starting new HTTPS connection (1): st.mngbcn.com:443
2023-06-10 13:02:31,898 https://st.mngbcn.com:443 "GET /rcs/pics/static/T2/fotos/S20/27087749_59.jpg?ts=1650559696422 HTTP/1.1" 200 623003
2023-06-10 13:02:32,900 Starting new HTTPS connection (1): st.mngbcn.com:443
2023-06-10 13:02:34,551 https://st.mngbcn.com:443 "GET /rcs/pics/static/T2/fotos/S20/27087749_90.jpg?ts=1650559696422 HTTP/1.1" 200 409963
2023-06-10 13:02:35,646 Starting new HTTPS connection (1): st.mngbcn.com:443
2023-06-10 13:02:36,606 https://st.mngbcn.com:443 "GET /rcs/pics/static/T2/fotos/S20/27087749_95.jpg?ts=1650559696422 HTTP/1.1" 200 429406
2023-06-10 13:02:37,571 Starting new HTTPS connection (1): st.mngbcn.com:443
2023-06-10 13:02:38,449 https://st.mngbcn.com:443 "GET /rcs/pics/static/T1/fotos/S20/17095907_99.jpg?ts=1631706440593 HTTP/1.1" 200 61850
2023-06-10 13:02:38,676 Starting new HTTPS connection (1): st.mngbcn.com:443
2023-06-10 13:02:39,681 https://st.mngbcn.com:443 "GET /rcs/pics/static/T1/fotos/S20/17095907_96.jpg?ts=1631882953424 HTTP/1.1" 200 227869
2023-06-10 13:02:40,187 Starting new HTTPS connection (1): st.mngbcn.com:443
2023-06-10 13:02:41,931 https://st.mngbcn.com:443 "GET /rcs/pics/static/T2/fotos/S20/27044377_07.jpg?ts=1639501552354 HTTP/1.1" 200 203216
2023-06-10 13:02:42,793 Starting new HTTPS connection (1): st.mngbcn.com:443
2023-06-10 13:02:43,775 https://st.mngbcn.com:443 "GET /rcs/pics/static/T2/fotos/S20/27014378_07.jpg?ts=1652173814571 HTTP/1.1" 200 131155
2023-06-10 13:02:44,226 Starting new HTTPS connection (1): st.mngbcn.com:443
2023-06-10 13:02:45,003 https://st.mngbcn.com:443 "GET /rcs/pics/static/T1/fotos/S20/17032506_37.jpg?ts=1622796429972 HTTP/1.1" 200 138442
2023-06-10 13:02:45,369 Starting new HTTPS connection (1): st.mngbcn.com:443
2023-06-10 13:02:47,051 https://st.mngbcn.com:443 "GET /rcs/pics/static/T1/fotos/S20/17032506_99.jpg?ts=1622796429972 HTTP/1.1" 200 163619
2023-06-10 13:02:48,179 Starting new HTTPS connection (1): st.mngbcn.com:443
2023-06-10 13:02:49,202 https://st.mngbcn.com:443 "GET /rcs/pics/static/T2/fotos/S20/27010529_30.jpg?ts=1637237138727 HTTP/1.1" 200 140543
2023-06-10 13:02:49,629 Starting new HTTPS connection (1): st.mngbcn.com:443
2023-06-10 13:02:50,426 https://st.mngbcn.com:443 "GET /rcs/pics/static/T2/fotos/S20/27010529_99.jpg?ts=1639500340001 HTTP/1.1" 200 63789
2023-06-10 13:02:50,688 Starting new HTTPS connection (1): st.mngbcn.com:443
2023-06-10 13:02:51,658 https://st.mngbcn.com:443 "GET /rcs/pics/static/T2/fotos/S20/27030536_32.jpg?ts=1637237138727 HTTP/1.1" 200 60301
2023-06-10 13:02:51,958 Starting new HTTPS connection (1): st.mngbcn.com:443
2023-06-10 13:02:53,503 https://st.mngbcn.com:443 "GET /rcs/pics/static/T2/fotos/S20/27030536_37.jpg?ts=1639500340001 HTTP/1.1" 200 106301
2023-06-10 13:02:54,165 Starting new HTTPS connection (1): st.mngbcn.com:443
2023-06-10 13:02:55,034 https://st.mngbcn.com:443 "GET /rcs/pics/static/T2/fotos/S20/27000539_37.jpg?ts=1639143990600 HTTP/1.1" 200 71903
2023-06-10 13:02:55,501 Starting new HTTPS connection (1): st.mngbcn.com:443
2023-06-10 13:02:56,739 https://st.mngbcn.com:443 "GET /rcs/pics/static/T2/fotos/S20/27000539_99.jpg?ts=1639143990600 HTTP/1.1" 200 56766
2023-06-10 13:02:57,055 Starting new HTTPS connection (1): st.mngbcn.com:443
2023-06-10 13:02:58,660 https://st.mngbcn.com:443 "GET /rcs/pics/static/T2/fotos/S20/27000539_56.jpg?ts=1639500340001 HTTP/1.1" 200 91600
2023-06-10 13:02:59,390 Starting new HTTPS connection (1): st.mngbcn.com:443
2023-06-10 13:03:00,466 https://st.mngbcn.com:443 "GET /rcs/pics/static/T2/fotos/S20/27040550_30.jpg?ts=1639500340001 HTTP/1.1" 200 90823
2023-06-10 13:03:00,840 Starting new HTTPS connection (1): st.mngbcn.com:443
2023-06-10 13:03:02,411 https://st.mngbcn.com:443 "GET /rcs/pics/static/T2/fotos/S20/27040550_37.jpg?ts=1639500340001 HTTP/1.1" 200 88294
2023-06-10 13:03:02,938 Starting new HTTPS connection (1): st.mngbcn.com:443
2023-06-10 13:03:04,056 https://st.mngbcn.com:443 "GET /rcs/pics/static/T2/fotos/S20/27040550_32.jpg?ts=1639500340001 HTTP/1.1" 200 103468
2023-06-10 13:03:04,452 Starting new HTTPS connection (1): st.mngbcn.com:443
2023-06-10 13:03:05,689 https://st.mngbcn.com:443 "GET /rcs/pics/static/T2/fotos/S20/27050558_37.jpg?ts=1639500340001 HTTP/1.1" 200 78437
2023-06-10 13:03:05,909 Starting new HTTPS connection (1): st.mngbcn.com:443
2023-06-10 13:03:06,712 https://st.mngbcn.com:443 "GET /rcs/pics/static/T2/fotos/S20/27050558_32.jpg?ts=1639500340001 HTTP/1.1" 200 91394
2023-06-10 13:03:07,261 Starting new HTTPS connection (1): st.mngbcn.com:443
2023-06-10 13:03:08,448 https://st.mngbcn.com:443 "GET /rcs/pics/static/T2/fotos/S20/27030600_32.jpg?ts=1637237138727 HTTP/1.1" 200 78273
2023-06-10 13:03:08,876 Starting new HTTPS connection (1): st.mngbcn.com:443
2023-06-10 13:03:09,679 https://st.mngbcn.com:443 "GET /rcs/pics/static/T2/fotos/S20/27030600_37.jpg?ts=1639500340001 HTTP/1.1" 200 87498
2023-06-10 13:03:10,204 Starting new HTTPS connection (1): st.mngbcn.com:443
2023-06-10 13:03:11,300 https://st.mngbcn.com:443 "GET /rcs/pics/static/T2/fotos/S20/27040603_37.jpg?ts=1639500340001 HTTP/1.1" 200 151099
2023-06-10 13:03:12,014 Starting new HTTPS connection (1): st.mngbcn.com:443
2023-06-10 13:03:13,164 https://st.mngbcn.com:443 "GET /rcs/pics/static/T2/fotos/S20/27040603_99.jpg?ts=1639500340001 HTTP/1.1" 200 76410
2023-06-10 13:03:13,465 Starting new HTTPS connection (1): st.mngbcn.com:443
2023-06-10 13:03:14,803 https://st.mngbcn.com:443 "GET /rcs/pics/static/T2/fotos/S20/27090662_99.jpg?ts=1639500340001 HTTP/1.1" 200 178881
2023-06-10 13:03:15,592 Starting new HTTPS connection (1): st.mngbcn.com:443
2023-06-10 13:03:17,157 https://st.mngbcn.com:443 "GET /rcs/pics/static/T1/fotos/S20/17075137_56.jpg?ts=1629463860269 HTTP/1.1" 200 157199
2023-06-10 13:03:18,042 Starting new HTTPS connection (1): st.mngbcn.com:443
2023-06-10 13:03:19,206 https://st.mngbcn.com:443 "GET /rcs/pics/static/T1/fotos/S20/17075137_99.jpg?ts=1629463860269 HTTP/1.1" 200 95533
2023-06-10 13:03:19,568 Starting new HTTPS connection (1): st.mngbcn.com:443
2023-06-10 13:03:20,535 https://st.mngbcn.com:443 "GET /rcs/pics/static/T1/fotos/S20/17075137_78.jpg?ts=1629461155420 HTTP/1.1" 200 165680
2023-06-10 13:03:21,369 Starting new HTTPS connection (1): st.mngbcn.com:443
2023-06-10 13:03:22,069 https://st.mngbcn.com:443 "GET /rcs/pics/static/T1/fotos/S20/17035954_78.jpg?ts=1630577117993 HTTP/1.1" 200 135293
2023-06-10 13:03:22,633 Starting new HTTPS connection (1): st.mngbcn.com:443
2023-06-10 13:03:23,993 https://st.mngbcn.com:443 "GET /rcs/pics/static/T2/fotos/S20/27072883_52.jpg?ts=1638204677276 HTTP/1.1" 200 192790
2023-06-10 13:03:24,859 Starting new HTTPS connection (1): st.mngbcn.com:443
2023-06-10 13:03:25,857 https://st.mngbcn.com:443 "GET /rcs/pics/static/T2/fotos/S20/27072883_49.jpg?ts=1638536774689 HTTP/1.1" 200 195070
2023-06-10 13:03:26,538 Starting new HTTPS connection (1): st.mngbcn.com:443
2023-06-10 13:03:28,097 https://st.mngbcn.com:443 "GET /rcs/pics/static/T2/fotos/S20/27072883_76.jpg?ts=1639413999575 HTTP/1.1" 200 172960
2023-06-10 13:03:28,976 Starting new HTTPS connection (1): st.mngbcn.com:443
2023-06-10 13:03:30,366 https://st.mngbcn.com:443 "GET /rcs/pics/static/T2/fotos/S20/27032886_56.jpg?ts=1649092364170 HTTP/1.1" 200 268032
2023-06-10 13:03:31,024 Starting new HTTPS connection (1): st.mngbcn.com:443
2023-06-10 13:03:32,310 https://st.mngbcn.com:443 "GET /rcs/pics/static/T2/fotos/S20/27022887_99.jpg?ts=1638204677276 HTTP/1.1" 200 223401
2023-06-10 13:03:32,912 Starting new HTTPS connection (1): st.mngbcn.com:443
2023-06-10 13:03:33,715 https://st.mngbcn.com:443 "GET /rcs/pics/static/T2/fotos/S20/27022887_78.jpg?ts=1638204677276 HTTP/1.1" 200 134147
2023-06-10 13:03:34,140 Starting new HTTPS connection (1): st.mngbcn.com:443
2023-06-10 13:03:35,588 https://st.mngbcn.com:443 "GET /rcs/pics/static/T2/fotos/S20/27002889_49.jpg?ts=1645437108943 HTTP/1.1" 200 149837
2023-06-10 13:03:36,317 Starting new HTTPS connection (1): st.mngbcn.com:443
2023-06-10 13:03:37,328 https://st.mngbcn.com:443 "GET /rcs/pics/static/T2/fotos/S20/27002889_56.jpg?ts=1645437108943 HTTP/1.1" 200 101058
2023-06-10 13:03:37,695 Starting new HTTPS connection (1): st.mngbcn.com:443
2023-06-10 13:03:38,865 https://st.mngbcn.com:443 "GET /rcs/pics/static/T2/fotos/S20/27002890_56.jpg?ts=1639413999575 HTTP/1.1" 200 274051
2023-06-10 13:03:39,482 Starting new HTTPS connection (1): st.mngbcn.com:443
2023-06-10 13:03:40,708 https://st.mngbcn.com:443 "GET /rcs/pics/static/T2/fotos/S20/27002890_76.jpg?ts=1639413999575 HTTP/1.1" 200 233631
2023-06-10 13:03:41,445 Starting new HTTPS connection (1): st.mngbcn.com:443
2023-06-10 13:03:42,656 https://st.mngbcn.com:443 "GET /rcs/pics/static/T2/fotos/S20/27002891_76.jpg?ts=1638536774689 HTTP/1.1" 200 138971
2023-06-10 13:03:43,119 Starting new HTTPS connection (1): st.mngbcn.com:443
2023-06-10 13:03:43,937 https://st.mngbcn.com:443 "GET /rcs/pics/static/T2/fotos/S20/27002891_49.jpg?ts=1639669706905 HTTP/1.1" 200 249112
2023-06-10 13:03:44,483 Starting new HTTPS connection (1): st.mngbcn.com:443
2023-06-10 13:03:45,624 https://st.mngbcn.com:443 "GET /rcs/pics/static/T2/fotos/S20/27002892_52.jpg?ts=1649092364170 HTTP/1.1" 200 335800
2023-06-10 13:03:46,485 Starting new HTTPS connection (1): st.mngbcn.com:443
2023-06-10 13:03:47,747 https://st.mngbcn.com:443 "GET /rcs/pics/static/T2/fotos/S20/27002892_56.jpg?ts=1649776164991 HTTP/1.1" 200 205393
2023-06-10 13:03:48,716 Starting new HTTPS connection (1): st.mngbcn.com:443
2023-06-10 13:03:50,335 https://st.mngbcn.com:443 "GET /rcs/pics/static/T2/fotos/S20/27002893_76.jpg?ts=1639742760898 HTTP/1.1" 200 278261
2023-06-10 13:03:51,218 Starting new HTTPS connection (1): st.mngbcn.com:443
2023-06-10 13:03:52,179 https://st.mngbcn.com:443 "GET /rcs/pics/static/T2/fotos/S20/27002893_49.jpg?ts=1640182003281 HTTP/1.1" 200 232192
2023-06-10 13:03:52,854 Starting new HTTPS connection (1): st.mngbcn.com:443
2023-06-10 13:03:53,925 https://st.mngbcn.com:443 "GET /rcs/pics/static/T2/fotos/S20/27002894_52.jpg?ts=1638536774689 HTTP/1.1" 200 150692
2023-06-10 13:03:54,494 Starting new HTTPS connection (1): st.mngbcn.com:443
2023-06-10 13:03:55,577 https://st.mngbcn.com:443 "GET /rcs/pics/static/T2/fotos/S20/27002894_56.jpg?ts=1638536774689 HTTP/1.1" 200 166413
2023-06-10 13:03:56,178 Starting new HTTPS connection (1): st.mngbcn.com:443
2023-06-10 13:03:57,501 https://st.mngbcn.com:443 "GET /rcs/pics/static/T2/fotos/S20/27002895_56.jpg?ts=1639742760898 HTTP/1.1" 200 299303
2023-06-10 13:03:58,266 Starting new HTTPS connection (1): st.mngbcn.com:443
2023-06-10 13:03:59,483 https://st.mngbcn.com:443 "GET /rcs/pics/static/T2/fotos/S20/27002888_56.jpg?ts=1639669706905 HTTP/1.1" 200 208846
2023-06-10 13:04:00,447 Starting new HTTPS connection (1): st.mngbcn.com:443
2023-06-10 13:04:01,940 https://st.mngbcn.com:443 "GET /rcs/pics/static/T2/fotos/S20/27002888_08.jpg?ts=1645437108943 HTTP/1.1" 200 303503
2023-06-10 13:04:02,911 Starting new HTTPS connection (1): st.mngbcn.com:443
2023-06-10 13:04:04,782 https://st.mngbcn.com:443 "GET /rcs/pics/static/T2/fotos/S20/27055918_56.jpg?ts=1645628032241 HTTP/1.1" 200 149977
2023-06-10 13:04:05,885 Starting new HTTPS connection (1): st.mngbcn.com:443
2023-06-10 13:04:07,332 https://st.mngbcn.com:443 "GET /rcs/pics/static/T2/fotos/S20/27055918_99.jpg?ts=1645628032241 HTTP/1.1" 200 150835
2023-06-10 13:04:08,260 Starting new HTTPS connection (1): st.mngbcn.com:443
2023-06-10 13:04:09,482 https://st.mngbcn.com:443 "GET /rcs/pics/static/T2/fotos/S20/27055918_78.jpg?ts=1645628032241 HTTP/1.1" 200 124704
2023-06-10 13:04:09,967 Starting new HTTPS connection (1): st.mngbcn.com:443
2023-06-10 13:04:11,297 https://st.mngbcn.com:443 "GET /rcs/pics/static/T8/fotos/S20/87010017_78.jpg?ts=1602585262620 HTTP/1.1" 200 135293
2023-06-10 13:04:11,834 Starting new HTTPS connection (1): st.mngbcn.com:443
2023-06-10 13:04:12,691 https://st.mngbcn.com:443 "GET /rcs/pics/static/T8/fotos/S20/87010019_78.jpg?ts=1602585262620 HTTP/1.1" 200 134353
2023-06-10 13:04:13,101 Starting new HTTPS connection (1): st.mngbcn.com:443
2023-06-10 13:04:14,077 https://st.mngbcn.com:443 "GET /rcs/pics/static/T2/fotos/S20/27002886_30_B.jpg?ts=1652183467275 HTTP/1.1" 200 35332
2023-06-10 13:04:14,296 Starting new HTTPS connection (1): st.mngbcn.com:443
2023-06-10 13:04:15,323 https://st.mngbcn.com:443 "GET /rcs/pics/static/T2/fotos/S20/27012887_16.jpg?ts=1645437108943 HTTP/1.1" 200 30227
2023-06-10 13:04:15,361 Starting new HTTPS connection (1): st.mngbcn.com:443
2023-06-10 13:04:16,549 https://st.mngbcn.com:443 "GET /rcs/pics/static/T2/fotos/S20/27012887_37.jpg?ts=1645437108943 HTTP/1.1" 200 59475
2023-06-10 13:04:17,023 Starting new HTTPS connection (1): st.mngbcn.com:443
2023-06-10 13:04:18,189 https://st.mngbcn.com:443 "GET /rcs/pics/static/T2/fotos/S20/27002886_16_B.jpg?ts=1652183467275 HTTP/1.1" 200 31001
2023-06-10 13:04:18,252 Starting new HTTPS connection (1): st.mngbcn.com:443
2023-06-10 13:04:19,227 https://st.mngbcn.com:443 "GET /rcs/pics/static/T2/fotos/S20/27002886_99.jpg?ts=1647451779506 HTTP/1.1" 200 25940
2023-06-10 13:04:19,351 Starting new HTTPS connection (1): st.mngbcn.com:443
2023-06-10 13:04:20,463 https://st.mngbcn.com:443 "GET /rcs/pics/static/T2/fotos/S20/27002886_92.jpg?ts=1647451779506 HTTP/1.1" 200 28670
2023-06-10 13:04:20,585 Starting new HTTPS connection (1): st.mngbcn.com:443
2023-06-10 13:04:21,640 https://st.mngbcn.com:443 "GET /rcs/pics/static/T2/fotos/S20/27002886_52.jpg?ts=1647451779506 HTTP/1.1" 200 33067
2023-06-10 13:04:21,837 Starting new HTTPS connection (1): st.mngbcn.com:443
2023-06-10 13:04:22,895 https://st.mngbcn.com:443 "GET /rcs/pics/static/T2/fotos/S20/27032881_OR.jpg?ts=1661335078465 HTTP/1.1" 200 26244
2023-06-10 13:04:22,953 Starting new HTTPS connection (1): st.mngbcn.com:443
2023-06-10 13:04:24,156 https://st.mngbcn.com:443 "GET /rcs/pics/static/T2/fotos/S20/27022883_52.jpg?ts=1645721516577 HTTP/1.1" 200 22945
2023-06-10 13:04:24,213 Starting new HTTPS connection (1): st.mngbcn.com:443
2023-06-10 13:04:25,458 https://st.mngbcn.com:443 "GET /rcs/pics/static/T2/fotos/S20/27022883_30.jpg?ts=1647451779506 HTTP/1.1" 200 29226
2023-06-10 13:04:25,573 Starting new HTTPS connection (1): st.mngbcn.com:443
2023-06-10 13:04:26,949 https://st.mngbcn.com:443 "GET /rcs/pics/static/T2/fotos/S20/27012884_37.jpg?ts=1645437108943 HTTP/1.1" 200 28864
2023-06-10 13:04:27,133 Starting new HTTPS connection (1): st.mngbcn.com:443
2023-06-10 13:04:28,213 https://st.mngbcn.com:443 "GET /rcs/pics/static/T2/fotos/S20/27012884_32_B.jpg?ts=1647514318396 HTTP/1.1" 200 31810
2023-06-10 13:04:28,393 Starting new HTTPS connection (1): st.mngbcn.com:443
2023-06-10 13:04:29,553 https://st.mngbcn.com:443 "GET /rcs/pics/static/T2/fotos/S20/27062879_99.jpg?ts=1647451779506 HTTP/1.1" 200 25119
2023-06-10 13:04:29,565 Starting new HTTPS connection (1): st.mngbcn.com:443
2023-06-10 13:04:30,682 https://st.mngbcn.com:443 "GET /rcs/pics/static/T8/fotos/S20/87050505_52.jpg?ts=1611140815512 HTTP/1.1" 200 152741
2023-06-10 13:04:31,257 Starting new HTTPS connection (1): st.mngbcn.com:443
2023-06-10 13:04:32,374 https://st.mngbcn.com:443 "GET /rcs/pics/static/T1/fotos/S20/17074069_02.jpg?ts=1629295577152 HTTP/1.1" 200 78907
2023-06-10 13:04:32,989 Starting new HTTPS connection (1): st.mngbcn.com:443
2023-06-10 13:04:33,993 https://st.mngbcn.com:443 "GET /rcs/pics/static/T2/fotos/S20/27094400_01.jpg?ts=1643298683105 HTTP/1.1" 200 43208
2023-06-10 13:04:34,199 Starting new HTTPS connection (1): st.mngbcn.com:443
2023-06-10 13:04:35,494 https://st.mngbcn.com:443 "GET /rcs/pics/static/T2/fotos/S20/27044401_69.jpg?ts=1643298683105 HTTP/1.1" 200 177263
2023-06-10 13:04:36,024 Starting new HTTPS connection (1): st.mngbcn.com:443
2023-06-10 13:04:37,132 https://st.mngbcn.com:443 "GET /rcs/pics/static/T2/fotos/S20/27014402_76.jpg?ts=1643298683105 HTTP/1.1" 200 247365
2023-06-10 13:04:37,789 Starting new HTTPS connection (1): st.mngbcn.com:443
2023-06-10 13:04:38,770 https://st.mngbcn.com:443 "GET /rcs/pics/static/T2/fotos/S20/27004404_78.jpg?ts=1643298683105 HTTP/1.1" 200 185359
2023-06-10 13:04:39,262 Starting new HTTPS connection (1): st.mngbcn.com:443
2023-06-10 13:04:40,306 https://st.mngbcn.com:443 "GET /rcs/pics/static/T2/fotos/S20/27004405_69.jpg?ts=1643298683105 HTTP/1.1" 200 268462
2023-06-10 13:04:41,098 Starting new HTTPS connection (1): st.mngbcn.com:443
2023-06-10 13:04:42,248 https://st.mngbcn.com:443 "GET /rcs/pics/static/T3/fotos/S20/37103777_PL.jpg?ts=1654051843758 HTTP/1.1" 200 29401
2023-06-10 13:04:42,313 Starting new HTTPS connection (1): st.mngbcn.com:443
2023-06-10 13:04:43,840 https://st.mngbcn.com:443 "GET /rcs/pics/static/T3/fotos/S20/37113785_PL.jpg?ts=1654037430644 HTTP/1.1" 200 51074
2023-06-10 13:04:44,207 Starting new HTTPS connection (1): st.mngbcn.com:443
2023-06-10 13:04:45,324 https://st.mngbcn.com:443 "GET /rcs/pics/static/T3/fotos/S20/37124046_PL.jpg?ts=1654005208073 HTTP/1.1" 200 39580
2023-06-10 13:04:45,639 Starting new HTTPS connection (1): st.mngbcn.com:443
2023-06-10 13:04:46,759 https://st.mngbcn.com:443 "GET /rcs/pics/static/T3/fotos/S20/37164034_99.jpg?ts=1654041195058 HTTP/1.1" 200 37570
2023-06-10 13:04:46,926 Starting new HTTPS connection (1): st.mngbcn.com:443
2023-06-10 13:04:48,192 https://st.mngbcn.com:443 "GET /rcs/pics/static/T3/fotos/S20/37134035_99.jpg?ts=1654015939821 HTTP/1.1" 200 35553
2023-06-10 13:04:48,291 Starting new HTTPS connection (1): st.mngbcn.com:443
2023-06-10 13:04:49,114 https://st.mngbcn.com:443 "GET /rcs/pics/static/T3/fotos/S20/37142009_52.jpg?ts=1654023109237 HTTP/1.1" 200 35125
2023-06-10 13:04:49,247 Starting new HTTPS connection (1): st.mngbcn.com:443
2023-06-10 13:04:50,237 https://st.mngbcn.com:443 "GET /rcs/pics/static/T3/fotos/S20/37142009_99.jpg?ts=1654026832979 HTTP/1.1" 200 33158
2023-06-10 13:04:50,409 Starting new HTTPS connection (1): st.mngbcn.com:443
2023-06-10 13:04:51,979 https://st.mngbcn.com:443 "GET /rcs/pics/static/T3/fotos/S20/37152007_99.jpg?ts=1654033851729 HTTP/1.1" 200 90300
2023-06-10 13:04:52,952 Starting new HTTPS connection (1): st.mngbcn.com:443
2023-06-10 13:04:53,922 https://st.mngbcn.com:443 "GET /rcs/pics/static/T3/fotos/S20/37192011_99.jpg?ts=1654055438236 HTTP/1.1" 200 55798
2023-06-10 13:04:54,166 Starting new HTTPS connection (1): st.mngbcn.com:443
2023-06-10 13:04:55,046 https://st.mngbcn.com:443 "GET /rcs/pics/static/T3/fotos/S20/37142012_PL.jpg?ts=1654033851729 HTTP/1.1" 200 26724
2023-06-10 13:04:55,086 Starting new HTTPS connection (1): st.mngbcn.com:443
2023-06-10 13:04:55,765 https://st.mngbcn.com:443 "GET /rcs/pics/static/T7/fotos/S20/77000155_52_B.jpg?ts=1600787033947 HTTP/1.1" 200 29679
2023-06-10 13:04:56,036 Download 248 for her accesorio sucessful -------------------------
